# JRE version: OpenJDK Runtime Environment Temurin-21.0.11+10 (21.0.11+10) (build 21.0.11+10-LTS)
# Java VM: OpenJDK 64-Bit Server VM Temurin-21.0.11+10 (21.0.11+10-LTS, mixed mode, sharing, tiered, compressed oops, compressed class ptrs, parallel gc, windows-amd64)
GC Precious Log:
 CardTable entry size: 512
 CPUs: 4 total, 4 available
 Memory: 3930M
 Large Page Support: Disabled
 NUMA Support: Disabled
 Compressed Oops: Enabled (32-bit)
 Alignments: Space 512K, Generation 512K, Heap 2M
 Heap Min Capacity: 100M
 Heap Initial Capacity: 100M
 Heap Max Capacity: 2G
 Pre-touch: Disabled
 Parallel Workers: 4
Heap:
 PSYoungGen      total 9216K, used 8808K [0x00000000d5580000, 0x00000000d6300000, 0x0000000100000000)
  eden space 4608K, 96% used [0x00000000d5580000,0x00000000d59da020,0x00000000d5a00000)
  from space 4608K, 94% used [0x00000000d5e80000,0x00000000d62c0000,0x00000000d6300000)
  to   space 4608K, 0% used [0x00000000d5a00000,0x00000000d5a00000,0x00000000d5e80000)
 ParOldGen       total 628736K, used 628591K [0x0000000080000000, 0x00000000a6600000, 0x00000000d5580000)
  object space 628736K, 99% used [0x0000000080000000,0x00000000a65dbcb8,0x00000000a6600000)
 Metaspace       used 72530K, committed 74112K, reserved 1179648K
  class space    used 7750K, committed 8384K, reserved 1048576K
GC Heap History (20 events):
Event: 91.522 GC heap before
{Heap before GC invocations=780 (full 4):
 PSYoungGen      total 7680K, used 7238K [0x00000000d5580000, 0x00000000d6300000, 0x0000000100000000)
  eden space 5120K, 100% used [0x00000000d5580000,0x00000000d5a80000,0x00000000d5a80000)
  from space 2560K, 82% used [0x00000000d6080000,0x00000000d6291958,0x00000000d6300000)
  to   space 3584K, 0% used [0x00000000d5c00000,0x00000000d5c00000,0x00000000d5f80000)
 ParOldGen       total 611328K, used 611056K [0x0000000080000000, 0x00000000a5500000, 0x00000000d5580000)
  object space 611328K, 99% used [0x0000000080000000,0x00000000a54bc190,0x00000000a5500000)
 Metaspace       used 72488K, committed 73984K, reserved 1179648K
  class space    used 7747K, committed 8384K, reserved 1048576K
}
Event: 91.526 GC heap after
{Heap after GC invocations=780 (full 4):
 PSYoungGen      total 7168K, used 1929K [0x00000000d5580000, 0x00000000d6100000, 0x0000000100000000)
  eden space 5120K, 0% used [0x00000000d5580000,0x00000000d5580000,0x00000000d5a80000)
  from space 2048K, 94% used [0x00000000d5c00000,0x00000000d5de24e8,0x00000000d5e00000)
  to   space 2560K, 0% used [0x00000000d5e80000,0x00000000d5e80000,0x00000000d6100000)
 ParOldGen       total 613376K, used 613044K [0x0000000080000000, 0x00000000a5700000, 0x00000000d5580000)
  object space 613376K, 99% used [0x0000000080000000,0x00000000a56ad100,0x00000000a5700000)
 Metaspace       used 72488K, committed 73984K, reserved 1179648K
  class space    used 7747K, committed 8384K, reserved 1048576K
}
Event: 91.541 GC heap before
{Heap before GC invocations=781 (full 4):
 PSYoungGen      total 7168K, used 7049K [0x00000000d5580000, 0x00000000d6100000, 0x0000000100000000)
  eden space 5120K, 100% used [0x00000000d5580000,0x00000000d5a80000,0x00000000d5a80000)
  from space 2048K, 94% used [0x00000000d5c00000,0x00000000d5de24e8,0x00000000d5e00000)
  to   space 2560K, 0% used [0x00000000d5e80000,0x00000000d5e80000,0x00000000d6100000)
 ParOldGen       total 613376K, used 613044K [0x0000000080000000, 0x00000000a5700000, 0x00000000d5580000)
  object space 613376K, 99% used [0x0000000080000000,0x00000000a56ad100,0x00000000a5700000)
 Metaspace       used 72488K, committed 73984K, reserved 1179648K
  class space    used 7747K, committed 8384K, reserved 1048576K
}
Event: 91.546 GC heap after
{Heap after GC invocations=781 (full 4):
 PSYoungGen      total 7168K, used 2529K [0x00000000d5580000, 0x00000000d6380000, 0x0000000100000000)
  eden space 4608K, 0% used [0x00000000d5580000,0x00000000d5580000,0x00000000d5a00000)
  from space 2560K, 98% used [0x00000000d5e80000,0x00000000d60f8458,0x00000000d6100000)
  to   space 4608K, 0% used [0x00000000d5a00000,0x00000000d5a00000,0x00000000d5e80000)
 ParOldGen       total 614400K, used 614358K [0x0000000080000000, 0x00000000a5800000, 0x00000000d5580000)
  object space 614400K, 99% used [0x0000000080000000,0x00000000a57f58f8,0x00000000a5800000)
 Metaspace       used 72488K, committed 73984K, reserved 1179648K
  class space    used 7747K, committed 8384K, reserved 1048576K
}
Event: 91.768 GC heap before
{Heap before GC invocations=782 (full 4):
 PSYoungGen      total 7168K, used 7137K [0x00000000d5580000, 0x00000000d6380000, 0x0000000100000000)
  eden space 4608K, 100% used [0x00000000d5580000,0x00000000d5a00000,0x00000000d5a00000)
  from space 2560K, 98% used [0x00000000d5e80000,0x00000000d60f8458,0x00000000d6100000)
  to   space 4608K, 0% used [0x00000000d5a00000,0x00000000d5a00000,0x00000000d5e80000)
 ParOldGen       total 614400K, used 614358K [0x0000000080000000, 0x00000000a5800000, 0x00000000d5580000)
  object space 614400K, 99% used [0x0000000080000000,0x00000000a57f58f8,0x00000000a5800000)
 Metaspace       used 72488K, committed 73984K, reserved 1179648K
  class space    used 7747K, committed 8384K, reserved 1048576K
}
Event: 91.773 GC heap after
{Heap after GC invocations=782 (full 4):
 PSYoungGen      total 6656K, used 1776K [0x00000000d5580000, 0x00000000d5f00000, 0x0000000100000000)
  eden space 4608K, 0% used [0x00000000d5580000,0x00000000d5580000,0x00000000d5a00000)
  from space 2048K, 86% used [0x00000000d5a00000,0x00000000d5bbc010,0x00000000d5c00000)
  to   space 2560K, 0% used [0x00000000d5c80000,0x00000000d5c80000,0x00000000d5f00000)
 ParOldGen       total 616960K, used 616907K [0x0000000080000000, 0x00000000a5a80000, 0x00000000d5580000)
  object space 616960K, 99% used [0x0000000080000000,0x00000000a5a72e08,0x00000000a5a80000)
 Metaspace       used 72488K, committed 73984K, reserved 1179648K
  class space    used 7747K, committed 8384K, reserved 1048576K
}
Event: 91.964 GC heap before
{Heap before GC invocations=783 (full 4):
 PSYoungGen      total 6656K, used 6384K [0x00000000d5580000, 0x00000000d5f00000, 0x0000000100000000)
  eden space 4608K, 100% used [0x00000000d5580000,0x00000000d5a00000,0x00000000d5a00000)
  from space 2048K, 86% used [0x00000000d5a00000,0x00000000d5bbc010,0x00000000d5c00000)
  to   space 2560K, 0% used [0x00000000d5c80000,0x00000000d5c80000,0x00000000d5f00000)
 ParOldGen       total 616960K, used 616907K [0x0000000080000000, 0x00000000a5a80000, 0x00000000d5580000)
  object space 616960K, 99% used [0x0000000080000000,0x00000000a5a72e08,0x00000000a5a80000)
 Metaspace       used 72488K, committed 73984K, reserved 1179648K
  class space    used 7747K, committed 8384K, reserved 1048576K
}
Event: 91.970 GC heap after
{Heap after GC invocations=783 (full 4):
 PSYoungGen      total 6144K, used 1476K [0x00000000d5580000, 0x00000000d5e00000, 0x0000000100000000)
  eden space 4608K, 0% used [0x00000000d5580000,0x00000000d5580000,0x00000000d5a00000)
  from space 1536K, 96% used [0x00000000d5c80000,0x00000000d5df1010,0x00000000d5e00000)
  to   space 2048K, 0% used [0x00000000d5a00000,0x00000000d5a00000,0x00000000d5c00000)
 ParOldGen       total 618496K, used 618243K [0x0000000080000000, 0x00000000a5c00000, 0x00000000d5580000)
  object space 618496K, 99% used [0x0000000080000000,0x00000000a5bc0e88,0x00000000a5c00000)
 Metaspace       used 72488K, committed 73984K, reserved 1179648K
  class space    used 7747K, committed 8384K, reserved 1048576K
}
Event: 92.332 GC heap before
{Heap before GC invocations=784 (full 4):
 PSYoungGen      total 6144K, used 6084K [0x00000000d5580000, 0x00000000d5e00000, 0x0000000100000000)
  eden space 4608K, 100% used [0x00000000d5580000,0x00000000d5a00000,0x00000000d5a00000)
  from space 1536K, 96% used [0x00000000d5c80000,0x00000000d5df1010,0x00000000d5e00000)
  to   space 2048K, 0% used [0x00000000d5a00000,0x00000000d5a00000,0x00000000d5c00000)
 ParOldGen       total 618496K, used 618243K [0x0000000080000000, 0x00000000a5c00000, 0x00000000d5580000)
  object space 618496K, 99% used [0x0000000080000000,0x00000000a5bc0e88,0x00000000a5c00000)
 Metaspace       used 72489K, committed 74048K, reserved 1179648K
  class space    used 7747K, committed 8384K, reserved 1048576K
}
Event: 92.336 GC heap after
{Heap after GC invocations=784 (full 4):
 PSYoungGen      total 6144K, used 1362K [0x00000000d5580000, 0x00000000d5d00000, 0x0000000100000000)
  eden space 4608K, 0% used [0x00000000d5580000,0x00000000d5580000,0x00000000d5a00000)
  from space 1536K, 88% used [0x00000000d5a00000,0x00000000d5b54808,0x00000000d5b80000)
  to   space 1536K, 0% used [0x00000000d5b80000,0x00000000d5b80000,0x00000000d5d00000)
 ParOldGen       total 620032K, used 619635K [0x0000000080000000, 0x00000000a5d80000, 0x00000000d5580000)
  object space 620032K, 99% used [0x0000000080000000,0x00000000a5d1cea8,0x00000000a5d80000)
 Metaspace       used 72489K, committed 74048K, reserved 1179648K
  class space    used 7747K, committed 8384K, reserved 1048576K
}
Event: 92.518 GC heap before
{Heap before GC invocations=785 (full 4):
 PSYoungGen      total 6144K, used 5970K [0x00000000d5580000, 0x00000000d5d00000, 0x0000000100000000)
  eden space 4608K, 100% used [0x00000000d5580000,0x00000000d5a00000,0x00000000d5a00000)
  from space 1536K, 88% used [0x00000000d5a00000,0x00000000d5b54808,0x00000000d5b80000)
  to   space 1536K, 0% used [0x00000000d5b80000,0x00000000d5b80000,0x00000000d5d00000)
 ParOldGen       total 620032K, used 619635K [0x0000000080000000, 0x00000000a5d80000, 0x00000000d5580000)
  object space 620032K, 99% used [0x0000000080000000,0x00000000a5d1cea8,0x00000000a5d80000)
 Metaspace       used 72489K, committed 74048K, reserved 1179648K
  class space    used 7747K, committed 8384K, reserved 1048576K
}
Event: 92.521 GC heap after
{Heap after GC invocations=785 (full 4):
 PSYoungGen      total 6144K, used 1412K [0x00000000d5580000, 0x00000000d5d00000, 0x0000000100000000)
  eden space 4608K, 0% used [0x00000000d5580000,0x00000000d5580000,0x00000000d5a00000)
  from space 1536K, 91% used [0x00000000d5b80000,0x00000000d5ce1010,0x00000000d5d00000)
  to   space 1536K, 0% used [0x00000000d5a00000,0x00000000d5a00000,0x00000000d5b80000)
 ParOldGen       total 621056K, used 620874K [0x0000000080000000, 0x00000000a5e80000, 0x00000000d5580000)
  object space 621056K, 99% used [0x0000000080000000,0x00000000a5e528b8,0x00000000a5e80000)
 Metaspace       used 72489K, committed 74048K, reserved 1179648K
  class space    used 7747K, committed 8384K, reserved 1048576K
}
Event: 92.681 GC heap before
{Heap before GC invocations=786 (full 4):
 PSYoungGen      total 6144K, used 6020K [0x00000000d5580000, 0x00000000d5d00000, 0x0000000100000000)
  eden space 4608K, 100% used [0x00000000d5580000,0x00000000d5a00000,0x00000000d5a00000)
  from space 1536K, 91% used [0x00000000d5b80000,0x00000000d5ce1010,0x00000000d5d00000)
  to   space 1536K, 0% used [0x00000000d5a00000,0x00000000d5a00000,0x00000000d5b80000)
 ParOldGen       total 621056K, used 620874K [0x0000000080000000, 0x00000000a5e80000, 0x00000000d5580000)
  object space 621056K, 99% used [0x0000000080000000,0x00000000a5e528b8,0x00000000a5e80000)
 Metaspace       used 72489K, committed 74048K, reserved 1179648K
  class space    used 7747K, committed 8384K, reserved 1048576K
}
Event: 92.689 GC heap after
{Heap after GC invocations=786 (full 4):
 PSYoungGen      total 6144K, used 1535K [0x00000000d5580000, 0x00000000d6300000, 0x0000000100000000)
  eden space 4608K, 0% used [0x00000000d5580000,0x00000000d5580000,0x00000000d5a00000)
  from space 1536K, 99% used [0x00000000d5a00000,0x00000000d5b7fe20,0x00000000d5b80000)
  to   space 4608K, 0% used [0x00000000d5e80000,0x00000000d5e80000,0x00000000d6300000)
 ParOldGen       total 623616K, used 623185K [0x0000000080000000, 0x00000000a6100000, 0x00000000d5580000)
  object space 623616K, 99% used [0x0000000080000000,0x00000000a60944d0,0x00000000a6100000)
 Metaspace       used 72489K, committed 74048K, reserved 1179648K
  class space    used 7747K, committed 8384K, reserved 1048576K
}
Event: 93.139 GC heap before
{Heap before GC invocations=787 (full 4):
 PSYoungGen      total 6144K, used 6143K [0x00000000d5580000, 0x00000000d6300000, 0x0000000100000000)
  eden space 4608K, 100% used [0x00000000d5580000,0x00000000d5a00000,0x00000000d5a00000)
  from space 1536K, 99% used [0x00000000d5a00000,0x00000000d5b7fe20,0x00000000d5b80000)
  to   space 4608K, 0% used [0x00000000d5e80000,0x00000000d5e80000,0x00000000d6300000)
 ParOldGen       total 623616K, used 623185K [0x0000000080000000, 0x00000000a6100000, 0x00000000d5580000)
  object space 623616K, 99% used [0x0000000080000000,0x00000000a60944d0,0x00000000a6100000)
 Metaspace       used 72489K, committed 74048K, reserved 1179648K
  class space    used 7747K, committed 8384K, reserved 1048576K
}
Event: 93.145 GC heap after
{Heap after GC invocations=787 (full 4):
 PSYoungGen      total 7168K, used 2172K [0x00000000d5580000, 0x00000000d6100000, 0x0000000100000000)
  eden space 4608K, 0% used [0x00000000d5580000,0x00000000d5580000,0x00000000d5a00000)
  from space 2560K, 84% used [0x00000000d5e80000,0x00000000d609f2f8,0x00000000d6100000)
  to   space 3072K, 0% used [0x00000000d5b00000,0x00000000d5b00000,0x00000000d5e00000)
 ParOldGen       total 624640K, used 624457K [0x0000000080000000, 0x00000000a6200000, 0x00000000d5580000)
  object space 624640K, 99% used [0x0000000080000000,0x00000000a61d25e8,0x00000000a6200000)
 Metaspace       used 72489K, committed 74048K, reserved 1179648K
  class space    used 7747K, committed 8384K, reserved 1048576K
}
Event: 93.391 GC heap before
{Heap before GC invocations=788 (full 4):
 PSYoungGen      total 7168K, used 6780K [0x00000000d5580000, 0x00000000d6100000, 0x0000000100000000)
  eden space 4608K, 100% used [0x00000000d5580000,0x00000000d5a00000,0x00000000d5a00000)
  from space 2560K, 84% used [0x00000000d5e80000,0x00000000d609f2f8,0x00000000d6100000)
  to   space 3072K, 0% used [0x00000000d5b00000,0x00000000d5b00000,0x00000000d5e00000)
 ParOldGen       total 624640K, used 624457K [0x0000000080000000, 0x00000000a6200000, 0x00000000d5580000)
  object space 624640K, 99% used [0x0000000080000000,0x00000000a61d25e8,0x00000000a6200000)
 Metaspace       used 72490K, committed 74048K, reserved 1179648K
  class space    used 7747K, committed 8384K, reserved 1048576K
}
Event: 93.397 GC heap after
{Heap after GC invocations=788 (full 4):
 PSYoungGen      total 7680K, used 3054K [0x00000000d5580000, 0x00000000d6300000, 0x0000000100000000)
  eden space 4608K, 0% used [0x00000000d5580000,0x00000000d5580000,0x00000000d5a00000)
  from space 3072K, 99% used [0x00000000d5b00000,0x00000000d5dfbb00,0x00000000d5e00000)
  to   space 4608K, 0% used [0x00000000d5e80000,0x00000000d5e80000,0x00000000d6300000)
 ParOldGen       total 625664K, used 625519K [0x0000000080000000, 0x00000000a6300000, 0x00000000d5580000)
  object space 625664K, 99% used [0x0000000080000000,0x00000000a62dbf08,0x00000000a6300000)
 Metaspace       used 72490K, committed 74048K, reserved 1179648K
  class space    used 7747K, committed 8384K, reserved 1048576K
}
Event: 93.449 GC heap before
{Heap before GC invocations=789 (full 4):
 PSYoungGen      total 7680K, used 7656K [0x00000000d5580000, 0x00000000d6300000, 0x0000000100000000)
  eden space 4608K, 99% used [0x00000000d5580000,0x00000000d59fe8d8,0x00000000d5a00000)
  from space 3072K, 99% used [0x00000000d5b00000,0x00000000d5dfbb00,0x00000000d5e00000)
  to   space 4608K, 0% used [0x00000000d5e80000,0x00000000d5e80000,0x00000000d6300000)
 ParOldGen       total 625664K, used 625519K [0x0000000080000000, 0x00000000a6300000, 0x00000000d5580000)
  object space 625664K, 99% used [0x0000000080000000,0x00000000a62dbf08,0x00000000a6300000)
 Metaspace       used 72491K, committed 74048K, reserved 1179648K
  class space    used 7747K, committed 8384K, reserved 1048576K
}
Event: 93.457 GC heap after
{Heap after GC invocations=789 (full 4):
 PSYoungGen      total 9216K, used 4352K [0x00000000d5580000, 0x00000000d6300000, 0x0000000100000000)
  eden space 4608K, 0% used [0x00000000d5580000,0x00000000d5580000,0x00000000d5a00000)
  from space 4608K, 94% used [0x00000000d5e80000,0x00000000d62c0000,0x00000000d6300000)
  to   space 4608K, 0% used [0x00000000d5a00000,0x00000000d5a00000,0x00000000d5e80000)
 ParOldGen       total 628736K, used 628591K [0x0000000080000000, 0x00000000a6600000, 0x00000000d5580000)
  object space 628736K, 99% used [0x0000000080000000,0x00000000a65dbcb8,0x00000000a6600000)
 Metaspace       used 72491K, committed 74048K, reserved 1179648K
  class space    used 7747K, committed 8384K, reserved 1048576K
}

